<?xml version="1.0" encoding="UTF-8" ?>
<testsuite tests="7" failures="0" name="by.itech.kimbar.service.validation.ValidationTest" time="0.005" errors="0" skipped="0">
  <properties>
[...]
</properties>
  <testcase classname="by.itech.kimbar.service.validation.ValidationTest" name="validateUpdateAttachmentTest1" time="0.005"/>
  <testcase classname="by.itech.kimbar.service.validation.ValidationTest" name="validateAttachFileTest" time="0"/>
  <testcase classname="by.itech.kimbar.service.validation.ValidationTest" name="validateDeleteAttachmentsTest1" time="0"/>
  <testcase classname="by.itech.kimbar.service.validation.ValidationTest" name="validateUpdateAttachmentTest" time="0"/>
  <testcase classname="by.itech.kimbar.service.validation.ValidationTest" name="validateAttachFileTest1" time="0"/>
  <testcase classname="by.itech.kimbar.service.validation.ValidationTest" name="validateAttachFileTest2" time="0"/>
  <testcase classname="by.itech.kimbar.service.validation.ValidationTest" name="validateDeleteAttachmentsTest" time="0"/>
</testsuite>